<?xml version="1.0" encoding="UTF-8"?>
<testng-results ignored="0" total="6" passed="6" failed="0" skipped="0">
  <reporter-output>
  </reporter-output>
  <suite started-at="2022-09-03T23:42:46 IST" name="Default suite" finished-at="2022-09-03T23:42:51 IST" duration-ms="5211">
    <groups>
    </groups>
    <test started-at="2022-09-03T23:42:46 IST" name="Default test" finished-at="2022-09-03T23:42:51 IST" duration-ms="5211">
      <class name="tests.DashboardTest">
        <test-method is-config="true" signature="setUp()[pri:0, instance:tests.DashboardTest@272113c4]" started-at="2022-09-03T23:42:46 IST" name="setUp" finished-at="2022-09-03T23:42:48 IST" duration-ms="1917" status="PASS">
          <reporter-output>
          </reporter-output>
        </test-method> <!-- setUp -->
        <test-method signature="multipleDataTest(java.lang.String,java.lang.String,java.lang.String)[pri:0, instance:tests.DashboardTest@272113c4]" started-at="2022-09-03T23:42:48 IST" name="multipleDataTest" data-provider="getData" finished-at="2022-09-03T23:42:49 IST" duration-ms="487" status="PASS">
          <params>
            <param index="0">
              <value>
                <![CDATA[swapnil]]>
              </value>
            </param>
            <param index="1">
              <value>
                <![CDATA[Swapnil Gour]]>
              </value>
            </param>
            <param index="2">
              <value>
                <![CDATA[swapnil123]]>
              </value>
            </param>
          </params>
          <reporter-output>
          </reporter-output>
        </test-method> <!-- multipleDataTest -->
        <test-method signature="multipleDataTest(java.lang.String,java.lang.String,java.lang.String)[pri:0, instance:tests.DashboardTest@272113c4]" started-at="2022-09-03T23:42:49 IST" name="multipleDataTest" data-provider="getData" finished-at="2022-09-03T23:42:49 IST" duration-ms="435" status="PASS">
          <params>
            <param index="0">
              <value>
                <![CDATA[Rocky]]>
              </value>
            </param>
            <param index="1">
              <value>
                <![CDATA[Rocky Row]]>
              </value>
            </param>
            <param index="2">
              <value>
                <![CDATA[RockyRow123]]>
              </value>
            </param>
          </params>
          <reporter-output>
          </reporter-output>
        </test-method> <!-- multipleDataTest -->
        <test-method signature="multipleDataTest(java.lang.String,java.lang.String,java.lang.String)[pri:0, instance:tests.DashboardTest@272113c4]" started-at="2022-09-03T23:42:49 IST" name="multipleDataTest" data-provider="getData" finished-at="2022-09-03T23:42:50 IST" duration-ms="411" status="PASS">
          <params>
            <param index="0">
              <value>
                <![CDATA[simi]]>
              </value>
            </param>
            <param index="1">
              <value>
                <![CDATA[simi jain]]>
              </value>
            </param>
            <param index="2">
              <value>
                <![CDATA[simi_123]]>
              </value>
            </param>
          </params>
          <reporter-output>
          </reporter-output>
        </test-method> <!-- multipleDataTest -->
        <test-method signature="validEntryTest()[pri:1, instance:tests.DashboardTest@272113c4]" started-at="2022-09-03T23:42:50 IST" name="validEntryTest" finished-at="2022-09-03T23:42:50 IST" duration-ms="429" status="PASS">
          <reporter-output>
          </reporter-output>
        </test-method> <!-- validEntryTest -->
        <test-method signature="invalidEntryTest()[pri:2, instance:tests.DashboardTest@272113c4]" started-at="2022-09-03T23:42:50 IST" name="invalidEntryTest" finished-at="2022-09-03T23:42:50 IST" duration-ms="385" status="PASS">
          <reporter-output>
          </reporter-output>
        </test-method> <!-- invalidEntryTest -->
        <test-method signature="weakPasswordTest()[pri:3, instance:tests.DashboardTest@272113c4]" started-at="2022-09-03T23:42:50 IST" name="weakPasswordTest" finished-at="2022-09-03T23:42:51 IST" duration-ms="412" status="PASS">
          <reporter-output>
          </reporter-output>
        </test-method> <!-- weakPasswordTest -->
        <test-method is-config="true" signature="tearDown()[pri:0, instance:tests.DashboardTest@272113c4]" started-at="2022-09-03T23:42:51 IST" name="tearDown" finished-at="2022-09-03T23:42:51 IST" duration-ms="128" status="PASS">
          <reporter-output>
          </reporter-output>
        </test-method> <!-- tearDown -->
      </class> <!-- tests.DashboardTest -->
    </test> <!-- Default test -->
  </suite> <!-- Default suite -->
</testng-results>
