<?xml version="1.0" encoding="UTF-8"?>
<!-- Generated by org.testng.reporters.JUnitXMLReporter -->
<testsuite ignored="0" hostname="LAPTOP-VBKSKHEN" failures="0" tests="3" name="Test" time="4.495" errors="0" timestamp="2022-09-03T22:50:25 IST">
  <testcase classname="tests.DashboardTest" name="validEntryTest" time="0.557"/>
  <testcase classname="tests.DashboardTest" name="invalidEntryTest" time="0.45"/>
  <testcase classname="tests.DashboardTest" name="weakPasswordTest" time="0.438"/>
</testsuite> <!-- Test -->
