<?xml version="1.0" encoding="UTF-8"?>
<!-- Generated by org.testng.reporters.JUnitXMLReporter -->
<testsuite ignored="0" hostname="LAPTOP-VBKSKHEN" failures="0" tests="6" name="Default test" time="5.211" errors="0" timestamp="2022-09-03T23:42:51 IST">
  <testcase classname="tests.DashboardTest" name="multipleDataTest" time="0.487"/>
  <testcase classname="tests.DashboardTest" name="multipleDataTest" time="0.435"/>
  <testcase classname="tests.DashboardTest" name="multipleDataTest" time="0.411"/>
  <testcase classname="tests.DashboardTest" name="validEntryTest" time="0.429"/>
  <testcase classname="tests.DashboardTest" name="invalidEntryTest" time="0.385"/>
  <testcase classname="tests.DashboardTest" name="weakPasswordTest" time="0.412"/>
</testsuite> <!-- Default test -->
